vibrational state parameter file
44
1
DCCBr79_000_0(0)0(0)_0e
A1 GSCD. alkup.
0 1.21922266551988E-0001 6.86205638921112E-0007 2.02103822342842E-0008 7.71705316162676E-0011 0.00000000000000E+0000 0.00000000000000E+0000
TRUE
2
DCCBr81_000_0(0)0(0)_0e
A2 GSCD. alkup.
0 1.21250266502266E-0001 6.84591056699016E-0007 1.99505466957315E-0008 8.47760606676339E-0011 0.00000000000000E+0000 0.00000000000000E+0000
TRUE
3
DCCBr79_000_0(0)1(1)_1e
Olavin table1. ka e/f
1 1.22184900000000E-0001 6.90000000000000E-0007 2.07100000000000E-0008 8.30000000000000E-0011 2.78775292000000E+0002 8.20000000000000E-0005
TRUE
4
DCCBr81_000_0(0)1(1)_1e
Olavin table2. ka e/f
1 1.21511130000000E-0001 6.10000000000000E-0007 2.03700000000000E-0008 6.40000000000000E-0011 2.78692765000000E+0002 9.00000000000000E-0005
TRUE
5
DCCBr79_000_0(0)1(1)_1f
Olavin table1. ka e/f
1 1.22305980000000E-0001 4.80000000000000E-0007 2.07280000000000E-0008 4.90000000000000E-0011 2.78775292000000E+0002 8.20000000000000E-0005
TRUE
6
DCCBr81_000_0(0)1(1)_1f
Olavin table2. ka e/f
1 1.21631790000000E-0001 5.30000000000000E-0007 2.04730000000000E-0008 5.30000000000000E-0011 2.78692765000000E+0002 9.00000000000000E-0005
TRUE
7
DCCBr79_000_0(0)2(0)_0e
Olavin table1. Lowstate + band
0 1.22349960000000E-0001 8.90000000000000E-0007 2.48400000000000E-0008 1.20000000000000E-0010 5.41596593000000E+0002 1.00000000000000E-0004
TRUE
8
DCCBr81_000_0(0)2(0)_0e
Olavin table2. Lowstate + band
0 1.21665460000000E-0001 8.80000000000000E-0007 2.44800000000000E-0008 1.40000000000000E-0010 5.41020345000000E+0002 1.10000000000000E-0004
TRUE
9
DCCBr79_000_0(0)2(2)_2e
Olavin table1. Lowstate + ka e/f
2 1.22566530000000E-0001 9.70000000000000E-0007 2.08900000000000E-0008 1.60000000000000E-0010 5.58131882000000E+0002 1.00000000000000E-0004
TRUE
10
DCCBr81_000_0(0)2(2)_2e
Olavin table2. Lowstate + ka e/f
2 1.21889500000000E-0001 1.30000000000000E-0006 2.00700000000000E-0008 2.20000000000000E-0010 5.57967140000000E+0002 1.10000000000000E-0004
TRUE
11
DCCBr79_000_0(0)2(2)_2f
Olavin table1. Lowstate + ka e/f
2 1.22566980000000E-0001 6.60000000000000E-0007 2.12170000000000E-0008 9.80000000000000E-0011 5.58131882000000E+0002 1.00000000000000E-0004
TRUE
12
DCCBr81_000_0(0)2(2)_2f
Olavin table2. Lowstate + ka e/f
2 1.21891400000000E-0001 1.40000000000000E-0006 2.09600000000000E-0008 1.90000000000000E-0010 5.57967140000000E+0002 1.10000000000000E-0004
TRUE
13
DCCBr79_001_0(0)0(0)_0e
Lowstate + C1 fitup
0 1.21744131118143E-0001 6.87264498300851E-0007 1.72657131491492E-0008 7.74464702525343E-0011 6.03435068040734E+0002 4.13237744720299E-0005
TRUE
14
DCCBr81_001_0(0)0(0)_0e
Lowstate + C2 fitup
0 1.21083350449615E-0001 6.86108389095190E-0007 1.68933023612861E-0008 8.51446057603210E-0011 6.02075746777480E+0002 5.03898073622072E-0005
TRUE
15
DCCBr79_000_0(0)3(1)_1e
Olavin table1. Lowerstate + e/f
1 1.22522200000000E-0001 2.00000000000000E-0006 2.47700000000000E-0008 5.20000000000000E-0010 8.10716020000000E+0002 1.20000000000000E-0004
TRUE
16
DCCBr81_000_0(0)3(1)_1e
Olavin table2. Lowerstate + e/f
1 1.21838000000000E-0001 2.10000000000000E-0006 2.33900000000000E-0008 4.20000000000000E-0010 8.09961774000000E+0002 1.30000000000000E-0004
TRUE
17
DCCBr79_000_1(1)0(0)_1e
LowState + A1 FITUP
1 1.22020935743435E-0001 6.86301424775309E-0007 2.03129035428849E-0008 7.71793365497457E-0011 4.80659358680991E+0002 2.19258859259976E-0005
TRUE
18
DCCBr81_000_1(1)0(0)_1e
LowState + A2 FITUP
1 1.21348416046681E-0001 6.84804806661623E-0007 2.00500973935304E-0008 8.47976349600956E-0011 4.80659280732637E+0002 2.87575042776940E-0005
TRUE
19
DCCBr79_000_1(1)0(0)_1f
LowState + Q1 FITUP
1 1.22092869401798E-0001 6.95542704371452E-0007 2.03083242917225E-0008 7.88681510537157E-0011 4.80659260457478E+0002 1.40728460450279E-0004
TRUE
20
DCCBr81_000_1(1)0(0)_1f
LowState + Q2 FITUP
1 1.21420223553268E-0001 6.90344293632402E-0007 2.01799382096188E-0008 8.57705044860792E-0011 4.80659427813352E+0002 1.17836685351525E-0004
TRUE
21
DCCBr79_000_1(1)1(1)_0e
Häiriötä bandissa 1C1
0 0.00000000000000E+0000 0.00000000000000E+0000 0.00000000000000E+0000 0.00000000000000E+0000 0.00000000000000E+0000 0.00000000000000E+0000
TRUE
22
DCCBr81_000_1(1)1(1)_0e
Häiriötä bandissa 1C2
0 0.00000000000000E+0000 0.00000000000000E+0000 0.00000000000000E+0000 0.00000000000000E+0000 0.00000000000000E+0000 0.00000000000000E+0000
TRUE
23
DCCBr79_000_1(1)1(1)_0f
Lowstate + 1A1 fitup
0 1.22382185589194E-0001 4.87591421775791E-0007 2.11098866533849E-0008 5.05481557312282E-0011 7.58476064000000E+0002 1.41491160656093E-0004
FALSE
24
DCCBr81_000_1(1)1(1)_0f
Lowstate + 1A2 fitup
0 1.21707547415909E-0001 5.37099845589971E-0007 2.08315161670560E-0008 5.44693352822705E-0011 7.58393901000000E+0002 1.49592513018305E-0004
FALSE
25
DCCBr79_000_1(1)1(1)_2e
Häiriötä - band 1D1
2 0.00000000000000E+0000 0.00000000000000E+0000 0.00000000000000E+0000 0.00000000000000E+0000 0.00000000000000E+0000 0.00000000000000E+0000
TRUE
26
DCCBr81_000_1(1)1(1)_2e
Häiriötä - band 1D2
2 0.00000000000000E+0000 0.00000000000000E+0000 0.00000000000000E+0000 0.00000000000000E+0000 0.00000000000000E+0000 0.00000000000000E+0000
TRUE
27
DCCBr79_000_1(1)1(1)_2f
Lower State + 1B1 FITUP
2 1.22378005855211E-0001 4.84476200946214E-0007 2.04794536622328E-0008 5.00861391165175E-0011 4.82191921921356E+0002 7.72600113751264E-0005
TRUE
28
DCCBr81_000_1(1)1(1)_2f
Lower State + 1B2 FITUP
2 1.21703556388653E-0001 5.33058146664822E-0007 2.02265810060796E-0008 5.35956008979183E-0011 4.82192522651308E+0002 7.58354452851915E-0005
TRUE
29
DCCBr79_000_2(0)0(0)_0e
Lower State + 2A1 fitup
0 1.22190825235266E-0001 6.89511032943273E-0007 2.10419853316655E-0008 7.79743697083645E-0011 9.55004452919761E+0002 7.99715542537455E-0005
TRUE
30
DCCBr81_000_2(0)0(0)_0e
Lower State + 2A2 fitup
0 1.21517037714773E-0001 6.86046616581741E-0007 2.07652645951991E-0008 8.50029842233753E-0011 9.55001165378646E+0002 6.45376402979490E-0005
TRUE
31
DCCBr79_000_2(2)0(0)_2e
Lowstate + 2B1
2 1.22185943426448E-0001 6.89488460491471E-0007 1.99203534229794E-0008 7.77436685897138E-0011 9.64803613259040E+0002 9.63264894735762E-0005
TRUE
32
DCCBr81_000_2(2)0(0)_2e
Lowstate + 2B2
2 1.21512088684273E-0001 6.88333752729627E-0007 1.96558764478767E-0008 8.53901463535304E-0011 9.64803639111401E+0002 9.99592734211905E-0005
TRUE
33
DCCBr79_000_2(2)0(0)_2f
Lowstate + 2C1
2 1.22185591292150E-0001 6.98843280817242E-0007 2.04020011483826E-0008 7.96362315823717E-0011 9.64803414903968E+0002 1.66628458673834E-0004
TRUE
34
DCCBr81_000_2(2)0(0)_2f
Lowstate + 2C2
2 1.21512509582311E-0001 6.96117624571395E-0007 2.02811392620127E-0008 8.73795783556080E-0011 9.64803579909224E+0002 1.49792999451777E-0004
TRUE
35
HCCBr79_000_0(0)0(0)_0e 
Epäpuhtautena. Olavin väitöskirj
0 1.33428250000000E-0001 3.10000000000000E-0007 2.54920000000000E-0008 2.60000000000000E-0011 0.00000000000000E+0000 1.11000000000000E-0007
TRUE
36
HCCBr81_000_0(0)0(0)_0e
Epäpuhtautena.5 Olavin väitöskirj
0 1.32707560000000E-0001 2.60000000000000E-0007 2.52510000000000E-0008 2.10000000000000E-0011 0.00000000000000E+0000 0.00000000000000E+0000
TRUE
37
DCCBr79_001_0(0)1(1)_1e
Lowstate + 1E1 fitup
1 1.22026168994847E-0001 6.98798125565801E-0007 1.86247097943047E-0008 8.61013371878289E-0011 8.91615999522326E+0002 1.37792360522988E-0004
TRUE
38
DCCBr81_001_0(0)1(1)_1e
Lowstate + 1E2 fitup
1 1.21361814486531E-0001 6.16712533218106E-0007 1.82721545098254E-0008 6.60750130110792E-0011 8.90275639768326E+0002 1.33168159227580E-0004
TRUE
39
DCCBr79_001_0(0)1(1)_1f
Lowstate + 1F1 fitup
1 1.22183686735025E-0001 4.90301792684452E-0007 1.80294054443280E-0008 5.23078636652703E-0011 8.91616137435098E+0002 1.34368656531775E-0004
TRUE
40
DCCBr81_001_0(0)1(1)_1f
Lowstate + 1F2 fitup
1 1.21519775843488E-0001 5.38116963751523E-0007 1.77952199525871E-0008 5.63607024413227E-0011 8.90275647017687E+0002 1.25657305351293E-0004
TRUE
41
DCCBr79_000_1(1)2(0)_1e
Lowstate + 3A1 fitup
1 1.22447972495094E-0001 8.96354021607214E-0007 2.55002727194272E-0008 1.21219869905010E-0010 1.02326512832019E+0003 1.77749243101097E-0004
TRUE
42
DCCBr81_000_1(1)2(0)_1e
Lowstate + 3A2 fitup
1 1.21761469240798E-0001 8.85197347952902E-0007 2.51035870166160E-0008 1.40773736432852E-0010 1.02266849925277E+0003 1.56310593042678E-0004
TRUE
43
DCCBr79_000_1(1)2(2)_3e
Lowstate + 3B1 fitup
3 1.22698723787908E-0001 9.78513259240002E-0007 2.05593122773574E-0008 1.62379591091315E-0010 1.04186728113525E+0003 1.41375947113333E-0004
TRUE
44
DCCBr81_000_1(1)2(2)_3f
Lowstate + 3C2 fitup
3 1.22022132130624E-0001 1.43269525203797E-0006 2.01671434534499E-0008 2.17752986944100E-0010 1.04170380973557E+0003 1.92156922542989E-0004
TRUE
